{"C:\\Users\\Nawwal Waseer\\Desktop\\Api-Expense-Management-System\\controllers\\expenseController.js": {"path":"C:\\Users\\Nawwal Waseer\\Desktop\\Api-Expense-Management-System\\controllers\\expenseController.js","statementMap":{"0":{"start":{"line":1,"column":16},"end":{"line":1,"column":44}},"1":{"start":{"line":3,"column":0},"end":{"line":21,"column":1}},"2":{"start":{"line":4,"column":4},"end":{"line":20,"column":5}},"3":{"start":{"line":5,"column":51},"end":{"line":5,"column":59}},"4":{"start":{"line":7,"column":24},"end":{"line":13,"column":10}},"5":{"start":{"line":15,"column":8},"end":{"line":15,"column":28}},"6":{"start":{"line":16,"column":8},"end":{"line":16,"column":37}},"7":{"start":{"line":18,"column":8},"end":{"line":18,"column":49}},"8":{"start":{"line":19,"column":8},"end":{"line":19,"column":62}},"9":{"start":{"line":23,"column":0},"end":{"line":42,"column":1}},"10":{"start":{"line":24,"column":4},"end":{"line":41,"column":5}},"11":{"start":{"line":25,"column":21},"end":{"line":25,"column":50}},"12":{"start":{"line":26,"column":22},"end":{"line":26,"column":52}},"13":{"start":{"line":28,"column":21},"end":{"line":28,"column":37}},"14":{"start":{"line":30,"column":25},"end":{"line":30,"column":69}},"15":{"start":{"line":31,"column":8},"end":{"line":36,"column":10}},"16":{"start":{"line":39,"column":8},"end":{"line":39,"column":44}},"17":{"start":{"line":40,"column":8},"end":{"line":40,"column":66}},"18":{"start":{"line":44,"column":0},"end":{"line":58,"column":1}},"19":{"start":{"line":45,"column":4},"end":{"line":57,"column":5}},"20":{"start":{"line":46,"column":21},"end":{"line":46,"column":31}},"21":{"start":{"line":47,"column":24},"end":{"line":47,"column":59}},"22":{"start":{"line":49,"column":8},"end":{"line":51,"column":9}},"23":{"start":{"line":50,"column":12},"end":{"line":50,"column":68}},"24":{"start":{"line":53,"column":8},"end":{"line":53,"column":37}},"25":{"start":{"line":55,"column":8},"end":{"line":55,"column":53}},"26":{"start":{"line":56,"column":8},"end":{"line":56,"column":64}},"27":{"start":{"line":60,"column":0},"end":{"line":74,"column":1}},"28":{"start":{"line":61,"column":4},"end":{"line":73,"column":5}},"29":{"start":{"line":62,"column":20},"end":{"line":62,"column":30}},"30":{"start":{"line":63,"column":28},"end":{"line":63,"column":36}},"31":{"start":{"line":65,"column":31},"end":{"line":65,"column":91}},"32":{"start":{"line":66,"column":8},"end":{"line":69,"column":10}},"33":{"start":{"line":71,"column":8},"end":{"line":71,"column":53}},"34":{"start":{"line":72,"column":8},"end":{"line":72,"column":64}},"35":{"start":{"line":76,"column":0},"end":{"line":96,"column":1}},"36":{"start":{"line":77,"column":4},"end":{"line":95,"column":5}},"37":{"start":{"line":78,"column":25},"end":{"line":78,"column":45}},"38":{"start":{"line":80,"column":22},"end":{"line":80,"column":71}},"39":{"start":{"line":80,"column":50},"end":{"line":80,"column":66}},"40":{"start":{"line":82,"column":26},"end":{"line":82,"column":28}},"41":{"start":{"line":83,"column":8},"end":{"line":86,"column":9}},"42":{"start":{"line":84,"column":12},"end":{"line":84,"column":67}},"43":{"start":{"line":84,"column":40},"end":{"line":84,"column":67}},"44":{"start":{"line":85,"column":12},"end":{"line":85,"column":49}},"45":{"start":{"line":88,"column":8},"end":{"line":91,"column":10}},"46":{"start":{"line":93,"column":8},"end":{"line":93,"column":51}},"47":{"start":{"line":94,"column":8},"end":{"line":94,"column":62}}},"fnMap":{"0":{"name":"(anonymous_0)","decl":{"start":{"line":3,"column":21},"end":{"line":3,"column":22}},"loc":{"start":{"line":3,"column":40},"end":{"line":21,"column":1}},"line":3},"1":{"name":"(anonymous_1)","decl":{"start":{"line":23,"column":25},"end":{"line":23,"column":26}},"loc":{"start":{"line":23,"column":44},"end":{"line":42,"column":1}},"line":23},"2":{"name":"(anonymous_2)","decl":{"start":{"line":44,"column":24},"end":{"line":44,"column":25}},"loc":{"start":{"line":44,"column":43},"end":{"line":58,"column":1}},"line":44},"3":{"name":"(anonymous_3)","decl":{"start":{"line":60,"column":24},"end":{"line":60,"column":25}},"loc":{"start":{"line":60,"column":43},"end":{"line":74,"column":1}},"line":60},"4":{"name":"(anonymous_4)","decl":{"start":{"line":76,"column":21},"end":{"line":76,"column":22}},"loc":{"start":{"line":76,"column":40},"end":{"line":96,"column":1}},"line":76},"5":{"name":"(anonymous_5)","decl":{"start":{"line":80,"column":38},"end":{"line":80,"column":39}},"loc":{"start":{"line":80,"column":50},"end":{"line":80,"column":66}},"line":80}},"branchMap":{"0":{"loc":{"start":{"line":25,"column":21},"end":{"line":25,"column":50}},"type":"binary-expr","locations":[{"start":{"line":25,"column":21},"end":{"line":25,"column":45}},{"start":{"line":25,"column":49},"end":{"line":25,"column":50}}],"line":25},"1":{"loc":{"start":{"line":26,"column":22},"end":{"line":26,"column":52}},"type":"binary-expr","locations":[{"start":{"line":26,"column":22},"end":{"line":26,"column":47}},{"start":{"line":26,"column":51},"end":{"line":26,"column":52}}],"line":26},"2":{"loc":{"start":{"line":49,"column":8},"end":{"line":51,"column":9}},"type":"if","locations":[{"start":{"line":49,"column":8},"end":{"line":51,"column":9}},{"start":{},"end":{}}],"line":49},"3":{"loc":{"start":{"line":84,"column":12},"end":{"line":84,"column":67}},"type":"if","locations":[{"start":{"line":84,"column":12},"end":{"line":84,"column":67}},{"start":{},"end":{}}],"line":84}},"s":{"0":1,"1":1,"2":1,"3":1,"4":1,"5":1,"6":1,"7":0,"8":0,"9":1,"10":0,"11":0,"12":0,"13":0,"14":0,"15":0,"16":0,"17":0,"18":1,"19":2,"20":2,"21":2,"22":2,"23":1,"24":1,"25":0,"26":0,"27":1,"28":1,"29":1,"30":1,"31":1,"32":1,"33":0,"34":0,"35":1,"36":0,"37":0,"38":0,"39":0,"40":0,"41":0,"42":0,"43":0,"44":0,"45":0,"46":0,"47":0},"f":{"0":1,"1":0,"2":2,"3":1,"4":0,"5":0},"b":{"0":[0,0],"1":[0,0],"2":[1,1],"3":[0,0]},"_coverageSchema":"1a1c01bbd47fc00a2c39e90264f33305004495a9","hash":"0a88bdb676a953e88d2bcff5fbafb0366b5e896c"}
,"C:\\Users\\Nawwal Waseer\\Desktop\\Api-Expense-Management-System\\models\\Expense.js": {"path":"C:\\Users\\Nawwal Waseer\\Desktop\\Api-Expense-Management-System\\models\\Expense.js","statementMap":{"0":{"start":{"line":1,"column":17},"end":{"line":1,"column":36}},"1":{"start":{"line":3,"column":22},"end":{"line":9,"column":2}},"2":{"start":{"line":11,"column":0},"end":{"line":11,"column":58}}},"fnMap":{},"branchMap":{},"s":{"0":1,"1":1,"2":1},"f":{},"b":{},"_coverageSchema":"1a1c01bbd47fc00a2c39e90264f33305004495a9","hash":"b1a30d8de7da3bf460090d49309cb4a95929e492"}
}
