TN:
SF:controllers\expenseController.js
FN:3,(anonymous_0)
FN:23,(anonymous_1)
FN:44,(anonymous_2)
FN:60,(anonymous_3)
FN:76,(anonymous_4)
FN:80,(anonymous_5)
FNF:6
FNH:3
FNDA:1,(anonymous_0)
FNDA:0,(anonymous_1)
FNDA:2,(anonymous_2)
FNDA:1,(anonymous_3)
FNDA:0,(anonymous_4)
FNDA:0,(anonymous_5)
DA:1,1
DA:3,1
DA:4,1
DA:5,1
DA:7,1
DA:15,1
DA:16,1
DA:18,0
DA:19,0
DA:23,1
DA:24,0
DA:25,0
DA:26,0
DA:28,0
DA:30,0
DA:31,0
DA:39,0
DA:40,0
DA:44,1
DA:45,2
DA:46,2
DA:47,2
DA:49,2
DA:50,1
DA:53,1
DA:55,0
DA:56,0
DA:60,1
DA:61,1
DA:62,1
DA:63,1
DA:65,1
DA:66,1
DA:71,0
DA:72,0
DA:76,1
DA:77,0
DA:78,0
DA:80,0
DA:82,0
DA:83,0
DA:84,0
DA:85,0
DA:88,0
DA:93,0
DA:94,0
LF:46
LH:22
BRDA:25,0,0,0
BRDA:25,0,1,0
BRDA:26,1,0,0
BRDA:26,1,1,0
BRDA:49,2,0,1
BRDA:49,2,1,1
BRDA:84,3,0,0
BRDA:84,3,1,0
BRF:8
BRH:2
end_of_record
TN:
SF:models\Expense.js
FNF:0
FNH:0
DA:1,1
DA:3,1
DA:11,1
LF:3
LH:3
BRF:0
BRH:0
end_of_record
